<?xml version="1.0" encoding="UTF-8"?>
<TestRun id="87c5f850-c532-4f23-a791-cace468890c9" name="Cristian Gomes@CRISTIANNOTE 2014-09-12 19:38:34" runUser="CristianNote\Cristian Gomes" xmlns="http://microsoft.com/schemas/VisualStudio/TeamTest/2010">
  <TestSettings name="Local" id="17f09b63-edf0-4d4e-84e1-147954c099a3">
    <Description>These are default test settings for a local test run.</Description>
    <Deployment enabled="false" runDeploymentRoot="Cristian Gomes_CRISTIANNOTE 2014-09-12 19_38_34">
      <DeploymentItem filename="D:\ConsuTI\gcode\16 - Prudential\Fontes\Sistema Life Planner Agenda\Sistema Life Planner Agenda\bin\Sistema Life Planner Agenda.dll" />
      <DeploymentItem filename="D:\ConsuTI\gcode\16 - Prudential\Fontes\Sistema Life Planner Agenda\SislpaTests\bin\Debug\AjaxControlToolkit.dll" />
    </Deployment>
    <Execution>
      <TestTypeSpecific />
      <AgentRule name="Execution Agents">
      </AgentRule>
    </Execution>
  </TestSettings>
  <Times creation="2014-09-12T19:38:34.5080828-03:00" queuing="2014-09-12T19:38:34.5250837-03:00" start="2014-09-12T19:38:34.5400846-03:00" finish="2014-09-12T19:38:35.4001338-03:00" />
  <ResultSummary outcome="Failed">
    <Counters total="1" executed="1" error="0" failed="1" timeout="0" aborted="0" inconclusive="0" passedButRunAborted="0" notRunnable="0" notExecuted="0" disconnected="0" warning="0" passed="0" completed="0" inProgress="0" pending="0" />
  </ResultSummary>
  <TestDefinitions>
    <UnitTest name="EmailAutorizadoTest" storage="d:\consuti\gcode\16 - prudential\fontes\sistema life planner agenda\sislpatests\bin\debug\sislpatests.dll" id="fa760c41-7120-11a6-d154-1b3750843e7c">
      <Execution id="b1a4e7fd-9460-4ff5-8ec7-9375d65a2b13" />
      <TestMethod codeBase="D:/ConsuTI/gcode/16 - Prudential/Fontes/Sistema Life Planner Agenda/SislpaTests/bin/Debug/SislpaTests.DLL" adapterTypeName="Microsoft.VisualStudio.TestTools.TestTypes.Unit.UnitTestAdapter, Microsoft.VisualStudio.QualityTools.Tips.UnitTest.Adapter, Version=10.0.0.0, Culture=neutral, PublicKeyToken=b03f5f7f11d50a3a" className="SislpaTests.UsuarioBDTest, SislpaTests, Version=1.0.0.0, Culture=neutral, PublicKeyToken=null" name="EmailAutorizadoTest" />
    </UnitTest>
  </TestDefinitions>
  <TestLists>
    <TestList name="Results Not in a List" id="8c84fa94-04c1-424b-9868-57a2d4851a1d" />
    <TestList name="All Loaded Results" id="19431567-8539-422a-85d7-44ee4e166bda" />
  </TestLists>
  <TestEntries>
    <TestEntry testId="fa760c41-7120-11a6-d154-1b3750843e7c" executionId="b1a4e7fd-9460-4ff5-8ec7-9375d65a2b13" testListId="8c84fa94-04c1-424b-9868-57a2d4851a1d" />
  </TestEntries>
  <Results>
    <UnitTestResult executionId="b1a4e7fd-9460-4ff5-8ec7-9375d65a2b13" testId="fa760c41-7120-11a6-d154-1b3750843e7c" testName="EmailAutorizadoTest" computerName="CRISTIANNOTE" duration="00:00:00.1793161" startTime="2014-09-12T19:38:34.5840871-03:00" endTime="2014-09-12T19:38:35.3561313-03:00" testType="13cdc9d9-ddb5-4fa4-a97d-d965ccfc6d4b" outcome="Failed" testListId="8c84fa94-04c1-424b-9868-57a2d4851a1d" relativeResultsDirectory="b1a4e7fd-9460-4ff5-8ec7-9375d65a2b13">
      <Output>
        <ErrorInfo>
          <Message>Test method SislpaTests.UsuarioBDTest.EmailAutorizadoTest threw exception: 
System.NullReferenceException: Referência de objeto não definida para uma instância de um objeto.</Message>
          <StackTrace>    em Sistema_Life_Planner_Agenda.BD.UsuarioBD.EmailAutorizado(String email) na D:\ConsuTI\gcode\16 - Prudential\Fontes\Sistema Life Planner Agenda\Sistema Life Planner Agenda\BD\UsuarioBD.cs:linha 116
   em SislpaTests.UsuarioBDTest.EmailAutorizadoTest() na D:\ConsuTI\gcode\16 - Prudential\Fontes\Sistema Life Planner Agenda\SislpaTests\UsuarioBDTest.cs:linha 124
</StackTrace>
        </ErrorInfo>
      </Output>
    </UnitTestResult>
  </Results>
</TestRun>