<?xml version="1.0" encoding="UTF-8"?>
<TestRun id="97049385-9a32-4c01-8ac7-46c42f5c36be" name="Cristian Gomes@CRISTIANNOTE 2014-09-17 17:36:41" runUser="CristianNote\Cristian Gomes" xmlns="http://microsoft.com/schemas/VisualStudio/TeamTest/2010">
  <TestSettings name="Local" id="17f09b63-edf0-4d4e-84e1-147954c099a3">
    <Description>These are default test settings for a local test run.</Description>
    <Deployment enabled="false" runDeploymentRoot="Cristian Gomes_CRISTIANNOTE 2014-09-17 17_36_41">
      <DeploymentItem filename="D:\ConsuTI\gcode\16 - Prudential\Fontes\Sistema Life Planner Agenda\SislpaTests\bin\Debug\AjaxControlToolkit.dll" />
      <DeploymentItem filename="D:\ConsuTI\gcode\16 - Prudential\Fontes\Sistema Life Planner Agenda\Sistema Life Planner Agenda\bin\Sistema Life Planner Agenda.dll" />
    </Deployment>
    <Execution>
      <TestTypeSpecific />
      <AgentRule name="Execution Agents">
      </AgentRule>
    </Execution>
  </TestSettings>
  <Times creation="2014-09-17T17:36:41.4319691-03:00" queuing="2014-09-17T17:36:47.0012876-03:00" start="2014-09-17T17:36:47.0592910-03:00" finish="2014-09-17T17:36:47.4253119-03:00" />
  <ResultSummary outcome="Failed">
    <Counters total="1" executed="1" error="0" failed="1" timeout="0" aborted="0" inconclusive="0" passedButRunAborted="0" notRunnable="0" notExecuted="0" disconnected="0" warning="0" passed="0" completed="0" inProgress="0" pending="0" />
  </ResultSummary>
  <TestDefinitions>
    <UnitTest name="RecuperarSenhaTest" storage="d:\consuti\gcode\16 - prudential\fontes\sistema life planner agenda\sislpatests\bin\debug\sislpatests.dll" id="80fa08e1-a34e-8236-c53d-89bcefbf6dd3">
      <Execution id="c278cdee-849f-4a9c-acd6-4a1af3fe7c1e" />
      <TestMethod codeBase="D:/ConsuTI/gcode/16 - Prudential/Fontes/Sistema Life Planner Agenda/SislpaTests/bin/Debug/SislpaTests.DLL" adapterTypeName="Microsoft.VisualStudio.TestTools.TestTypes.Unit.UnitTestAdapter, Microsoft.VisualStudio.QualityTools.Tips.UnitTest.Adapter, Version=10.0.0.0, Culture=neutral, PublicKeyToken=b03f5f7f11d50a3a" className="SislpaTests.UsuarioBDTest, SislpaTests, Version=1.0.0.0, Culture=neutral, PublicKeyToken=null" name="RecuperarSenhaTest" />
    </UnitTest>
  </TestDefinitions>
  <TestLists>
    <TestList name="Results Not in a List" id="8c84fa94-04c1-424b-9868-57a2d4851a1d" />
    <TestList name="All Loaded Results" id="19431567-8539-422a-85d7-44ee4e166bda" />
  </TestLists>
  <TestEntries>
    <TestEntry testId="80fa08e1-a34e-8236-c53d-89bcefbf6dd3" executionId="c278cdee-849f-4a9c-acd6-4a1af3fe7c1e" testListId="8c84fa94-04c1-424b-9868-57a2d4851a1d" />
  </TestEntries>
  <Results>
    <UnitTestResult executionId="c278cdee-849f-4a9c-acd6-4a1af3fe7c1e" testId="80fa08e1-a34e-8236-c53d-89bcefbf6dd3" testName="RecuperarSenhaTest" computerName="CRISTIANNOTE" duration="00:00:00.1312909" startTime="2014-09-17T17:36:47.0632912-03:00" endTime="2014-09-17T17:36:47.3993104-03:00" testType="13cdc9d9-ddb5-4fa4-a97d-d965ccfc6d4b" outcome="Failed" testListId="8c84fa94-04c1-424b-9868-57a2d4851a1d" relativeResultsDirectory="c278cdee-849f-4a9c-acd6-4a1af3fe7c1e">
      <Output>
        <ErrorInfo>
          <Message>Assert.AreEqual failed. Expected:&lt;1234567&gt;. Actual:&lt;123456&gt;. </Message>
          <StackTrace>   em SislpaTests.UsuarioBDTest.RecuperarSenhaTest() na D:\ConsuTI\gcode\16 - Prudential\Fontes\Sistema Life Planner Agenda\SislpaTests\UsuarioBDTest.cs:linha 138
</StackTrace>
        </ErrorInfo>
      </Output>
    </UnitTestResult>
  </Results>
</TestRun>