<?xml version="1.0" encoding="UTF-8"?>
<TestRun id="ee3d19ac-61e5-4055-8ceb-eed3a7eb1c3a" name="Cristian Gomes@CRISTIANNOTE 2014-09-12 19:16:02" runUser="CristianNote\Cristian Gomes" xmlns="http://microsoft.com/schemas/VisualStudio/TeamTest/2010">
  <TestSettings name="Local" id="17f09b63-edf0-4d4e-84e1-147954c099a3">
    <Description>These are default test settings for a local test run.</Description>
    <Deployment enabled="false" runDeploymentRoot="Cristian Gomes_CRISTIANNOTE 2014-09-12 19_16_02">
      <DeploymentItem filename="D:\ConsuTI\gcode\16 - Prudential\Fontes\Sistema Life Planner Agenda\Sistema Life Planner Agenda\bin\Sistema Life Planner Agenda.dll" />
      <DeploymentItem filename="D:\ConsuTI\gcode\16 - Prudential\Fontes\Sistema Life Planner Agenda\SislpaTests\bin\Debug\AjaxControlToolkit.dll" />
    </Deployment>
    <Execution>
      <TestTypeSpecific />
      <AgentRule name="Execution Agents">
      </AgentRule>
    </Execution>
  </TestSettings>
  <Times creation="2014-09-12T19:16:02.7217650-03:00" queuing="2014-09-12T19:16:02.7617673-03:00" start="2014-09-12T19:16:02.7847686-03:00" finish="2014-09-12T19:16:03.8038269-03:00" />
  <ResultSummary outcome="Completed">
    <Counters total="1" executed="1" passed="1" error="0" failed="0" timeout="0" aborted="0" inconclusive="0" passedButRunAborted="0" notRunnable="0" notExecuted="0" disconnected="0" warning="0" completed="0" inProgress="0" pending="0" />
  </ResultSummary>
  <TestDefinitions>
    <UnitTest name="IncluirTest" storage="d:\consuti\gcode\16 - prudential\fontes\sistema life planner agenda\sislpatests\bin\debug\sislpatests.dll" id="f4cef54b-64ff-64c8-3e8e-e03b64d61f4e">
      <Execution id="2aebb1f0-5ac7-4bb8-a687-d77ca6c08fb4" />
      <TestMethod codeBase="D:/ConsuTI/gcode/16 - Prudential/Fontes/Sistema Life Planner Agenda/SislpaTests/bin/Debug/SislpaTests.DLL" adapterTypeName="Microsoft.VisualStudio.TestTools.TestTypes.Unit.UnitTestAdapter, Microsoft.VisualStudio.QualityTools.Tips.UnitTest.Adapter, Version=10.0.0.0, Culture=neutral, PublicKeyToken=b03f5f7f11d50a3a" className="SislpaTests.UsuarioBDTest, SislpaTests, Version=1.0.0.0, Culture=neutral, PublicKeyToken=null" name="IncluirTest" />
    </UnitTest>
  </TestDefinitions>
  <TestLists>
    <TestList name="Results Not in a List" id="8c84fa94-04c1-424b-9868-57a2d4851a1d" />
    <TestList name="All Loaded Results" id="19431567-8539-422a-85d7-44ee4e166bda" />
  </TestLists>
  <TestEntries>
    <TestEntry testId="f4cef54b-64ff-64c8-3e8e-e03b64d61f4e" executionId="2aebb1f0-5ac7-4bb8-a687-d77ca6c08fb4" testListId="8c84fa94-04c1-424b-9868-57a2d4851a1d" />
  </TestEntries>
  <Results>
    <UnitTestResult executionId="2aebb1f0-5ac7-4bb8-a687-d77ca6c08fb4" testId="f4cef54b-64ff-64c8-3e8e-e03b64d61f4e" testName="IncluirTest" computerName="CRISTIANNOTE" duration="00:00:00.3091241" startTime="2014-09-12T19:16:02.8267710-03:00" endTime="2014-09-12T19:16:03.7618245-03:00" testType="13cdc9d9-ddb5-4fa4-a97d-d965ccfc6d4b" outcome="Passed" testListId="8c84fa94-04c1-424b-9868-57a2d4851a1d" relativeResultsDirectory="2aebb1f0-5ac7-4bb8-a687-d77ca6c08fb4">
    </UnitTestResult>
  </Results>
</TestRun>