<?xml version="1.0" encoding="UTF-8"?>
<TestRun id="3d7c815c-b4ed-4935-827b-496e34b27475" name="Cristian Gomes@CRISTIANNOTE 2014-09-19 20:10:04" runUser="CristianNote\Cristian Gomes" xmlns="http://microsoft.com/schemas/VisualStudio/TeamTest/2010">
  <TestSettings name="Local" id="17f09b63-edf0-4d4e-84e1-147954c099a3">
    <Description>These are default test settings for a local test run.</Description>
    <Deployment enabled="false" runDeploymentRoot="Cristian Gomes_CRISTIANNOTE 2014-09-19 20_10_04">
      <DeploymentItem filename="D:\ConsuTI\gcode\16 - Prudential\Fontes\Sistema Life Planner Agenda\SislpaTests\bin\Debug\AjaxControlToolkit.dll" />
      <DeploymentItem filename="D:\ConsuTI\gcode\16 - Prudential\Fontes\Sistema Life Planner Agenda\Sistema Life Planner Agenda\bin\Sistema Life Planner Agenda.dll" />
    </Deployment>
    <Execution>
      <TestTypeSpecific />
      <AgentRule name="Execution Agents">
      </AgentRule>
    </Execution>
  </TestSettings>
  <Times creation="2014-09-19T20:10:04.7992817-03:00" queuing="2014-09-19T20:10:04.9012875-03:00" start="2014-09-19T20:10:04.9202886-03:00" finish="2014-09-19T20:10:05.7313350-03:00" />
  <ResultSummary outcome="Failed">
    <Counters total="1" executed="1" error="0" failed="1" timeout="0" aborted="0" inconclusive="0" passedButRunAborted="0" notRunnable="0" notExecuted="0" disconnected="0" warning="0" passed="0" completed="0" inProgress="0" pending="0" />
  </ResultSummary>
  <TestDefinitions>
    <UnitTest name="IncluirTest" storage="d:\consuti\gcode\16 - prudential\fontes\sistema life planner agenda\sislpatests\bin\debug\sislpatests.dll" id="70283422-9434-2c89-5bad-8715528b71a8">
      <Execution id="3dbb0847-1c4b-4725-9fe3-098cf9286d4a" />
      <TestMethod codeBase="D:/ConsuTI/gcode/16 - Prudential/Fontes/Sistema Life Planner Agenda/SislpaTests/bin/Debug/SislpaTests.DLL" adapterTypeName="Microsoft.VisualStudio.TestTools.TestTypes.Unit.UnitTestAdapter, Microsoft.VisualStudio.QualityTools.Tips.UnitTest.Adapter, Version=10.0.0.0, Culture=neutral, PublicKeyToken=b03f5f7f11d50a3a" className="SislpaTests.UsuariosAutorizadosBDTest, SislpaTests, Version=1.0.0.0, Culture=neutral, PublicKeyToken=null" name="IncluirTest" />
    </UnitTest>
  </TestDefinitions>
  <TestLists>
    <TestList name="Results Not in a List" id="8c84fa94-04c1-424b-9868-57a2d4851a1d" />
    <TestList name="All Loaded Results" id="19431567-8539-422a-85d7-44ee4e166bda" />
  </TestLists>
  <TestEntries>
    <TestEntry testId="70283422-9434-2c89-5bad-8715528b71a8" executionId="3dbb0847-1c4b-4725-9fe3-098cf9286d4a" testListId="8c84fa94-04c1-424b-9868-57a2d4851a1d" />
  </TestEntries>
  <Results>
    <UnitTestResult executionId="3dbb0847-1c4b-4725-9fe3-098cf9286d4a" testId="70283422-9434-2c89-5bad-8715528b71a8" testName="IncluirTest" computerName="CRISTIANNOTE" duration="00:00:00.1448401" startTime="2014-09-19T20:10:04.9272890-03:00" endTime="2014-09-19T20:10:05.6773319-03:00" testType="13cdc9d9-ddb5-4fa4-a97d-d965ccfc6d4b" outcome="Failed" testListId="8c84fa94-04c1-424b-9868-57a2d4851a1d" relativeResultsDirectory="3dbb0847-1c4b-4725-9fe3-098cf9286d4a">
      <Output>
        <ErrorInfo>
          <Message>Test method SislpaTests.UsuariosAutorizadosBDTest.IncluirTest threw exception: 
MySql.Data.MySqlClient.MySqlException: Out of range value for column 'Admin' at row 1</Message>
          <StackTrace>    em MySql.Data.MySqlClient.MySqlStream.OpenPacket()
   em MySql.Data.MySqlClient.NativeDriver.ReadResult(UInt64&amp; affectedRows, Int64&amp; lastInsertId)
   em MySql.Data.MySqlClient.MySqlDataReader.GetResultSet()
   em MySql.Data.MySqlClient.MySqlDataReader.NextResult()
   em MySql.Data.MySqlClient.MySqlCommand.ExecuteReader(CommandBehavior behavior)
   em MySql.Data.MySqlClient.MySqlCommand.ExecuteNonQuery()
   em Sistema_Life_Planner_Agenda.BD.UsuariosAutorizadosBD.Incluir(Boolean Admin, String Email) na D:\ConsuTI\gcode\16 - Prudential\Fontes\Sistema Life Planner Agenda\Sistema Life Planner Agenda\BD\UsuariosAutorizadosBD.cs:linha 26
   em SislpaTests.UsuariosAutorizadosBDTest.IncluirTest() na D:\ConsuTI\gcode\16 - Prudential\Fontes\Sistema Life Planner Agenda\SislpaTests\UsuariosAutorizadosBDTest.cs:linha 77
</StackTrace>
        </ErrorInfo>
      </Output>
    </UnitTestResult>
  </Results>
</TestRun>