<?xml version="1.0" encoding="UTF-8"?>
<TestRun id="9aeafdef-0d64-44cf-a9f6-447e4fcff772" name="Cristian Gomes@CRISTIANNOTE 2014-09-12 19:14:50" runUser="CristianNote\Cristian Gomes" xmlns="http://microsoft.com/schemas/VisualStudio/TeamTest/2010">
  <TestSettings name="Local" id="17f09b63-edf0-4d4e-84e1-147954c099a3">
    <Description>These are default test settings for a local test run.</Description>
    <Deployment enabled="false" runDeploymentRoot="Cristian Gomes_CRISTIANNOTE 2014-09-12 19_14_50">
      <DeploymentItem filename="D:\ConsuTI\gcode\16 - Prudential\Fontes\Sistema Life Planner Agenda\Sistema Life Planner Agenda\bin\Sistema Life Planner Agenda.dll" />
      <DeploymentItem filename="D:\ConsuTI\gcode\16 - Prudential\Fontes\Sistema Life Planner Agenda\SislpaTests\bin\Debug\AjaxControlToolkit.dll" />
    </Deployment>
    <Execution>
      <TestTypeSpecific />
      <AgentRule name="Execution Agents">
      </AgentRule>
    </Execution>
  </TestSettings>
  <Times creation="2014-09-12T19:14:50.6176409-03:00" queuing="2014-09-12T19:14:51.3926852-03:00" start="2014-09-12T19:14:51.4966912-03:00" finish="2014-09-12T19:14:54.0288360-03:00" />
  <ResultSummary outcome="Failed">
    <Counters total="1" executed="1" error="0" failed="1" timeout="0" aborted="0" inconclusive="0" passedButRunAborted="0" notRunnable="0" notExecuted="0" disconnected="0" warning="0" passed="0" completed="0" inProgress="0" pending="0" />
  </ResultSummary>
  <TestDefinitions>
    <UnitTest name="IncluirTest" storage="d:\consuti\gcode\16 - prudential\fontes\sistema life planner agenda\sislpatests\bin\debug\sislpatests.dll" id="f4cef54b-64ff-64c8-3e8e-e03b64d61f4e">
      <Execution id="48175d15-75b5-4dd7-a8bf-c7d9423b225a" />
      <TestMethod codeBase="D:/ConsuTI/gcode/16 - Prudential/Fontes/Sistema Life Planner Agenda/SislpaTests/bin/Debug/SislpaTests.DLL" adapterTypeName="Microsoft.VisualStudio.TestTools.TestTypes.Unit.UnitTestAdapter, Microsoft.VisualStudio.QualityTools.Tips.UnitTest.Adapter, Version=10.0.0.0, Culture=neutral, PublicKeyToken=b03f5f7f11d50a3a" className="SislpaTests.UsuarioBDTest, SislpaTests, Version=1.0.0.0, Culture=neutral, PublicKeyToken=null" name="IncluirTest" />
    </UnitTest>
  </TestDefinitions>
  <TestLists>
    <TestList name="Results Not in a List" id="8c84fa94-04c1-424b-9868-57a2d4851a1d" />
    <TestList name="All Loaded Results" id="19431567-8539-422a-85d7-44ee4e166bda" />
  </TestLists>
  <TestEntries>
    <TestEntry testId="f4cef54b-64ff-64c8-3e8e-e03b64d61f4e" executionId="48175d15-75b5-4dd7-a8bf-c7d9423b225a" testListId="8c84fa94-04c1-424b-9868-57a2d4851a1d" />
  </TestEntries>
  <Results>
    <UnitTestResult executionId="48175d15-75b5-4dd7-a8bf-c7d9423b225a" testId="f4cef54b-64ff-64c8-3e8e-e03b64d61f4e" testName="IncluirTest" computerName="CRISTIANNOTE" duration="00:00:01.3266367" startTime="2014-09-12T19:14:51.5166923-03:00" endTime="2014-09-12T19:14:53.8918282-03:00" testType="13cdc9d9-ddb5-4fa4-a97d-d965ccfc6d4b" outcome="Failed" testListId="8c84fa94-04c1-424b-9868-57a2d4851a1d" relativeResultsDirectory="48175d15-75b5-4dd7-a8bf-c7d9423b225a">
      <Output>
        <ErrorInfo>
          <Message>Test method SislpaTests.UsuarioBDTest.IncluirTest threw exception: 
MySql.Data.MySqlClient.MySqlException: Column count doesn't match value count at row 1</Message>
          <StackTrace>    em MySql.Data.MySqlClient.MySqlStream.OpenPacket()
   em MySql.Data.MySqlClient.NativeDriver.ReadResult(UInt64&amp; affectedRows, Int64&amp; lastInsertId)
   em MySql.Data.MySqlClient.MySqlDataReader.GetResultSet()
   em MySql.Data.MySqlClient.MySqlDataReader.NextResult()
   em MySql.Data.MySqlClient.MySqlCommand.ExecuteReader(CommandBehavior behavior)
   em MySql.Data.MySqlClient.MySqlCommand.ExecuteNonQuery()
   em Sistema_Life_Planner_Agenda.BD.UsuarioBD.Incluir(Int32 Admin, String AgendaGoogleEmail, String AgendaGoogleSenha, String Email, String Nome, String Senha, String Telefone) na D:\ConsuTI\gcode\16 - Prudential\Fontes\Sistema Life Planner Agenda\Sistema Life Planner Agenda\BD\UsuarioBD.cs:linha 40
   em SislpaTests.UsuarioBDTest.IncluirTest() na D:\ConsuTI\gcode\16 - Prudential\Fontes\Sistema Life Planner Agenda\SislpaTests\UsuarioBDTest.cs:linha 111
</StackTrace>
        </ErrorInfo>
      </Output>
    </UnitTestResult>
  </Results>
</TestRun>