<?xml version="1.0" encoding="UTF-8"?>
<TestRun id="7124fd09-d7f5-411f-836a-4f8ac0218661" name="Cristian Gomes@CRISTIANNOTE 2014-09-12 19:40:55" runUser="CristianNote\Cristian Gomes" xmlns="http://microsoft.com/schemas/VisualStudio/TeamTest/2010">
  <TestSettings name="Local" id="17f09b63-edf0-4d4e-84e1-147954c099a3">
    <Description>These are default test settings for a local test run.</Description>
    <Deployment enabled="false" runDeploymentRoot="Cristian Gomes_CRISTIANNOTE 2014-09-12 19_40_55">
      <DeploymentItem filename="D:\ConsuTI\gcode\16 - Prudential\Fontes\Sistema Life Planner Agenda\Sistema Life Planner Agenda\bin\Sistema Life Planner Agenda.dll" />
      <DeploymentItem filename="D:\ConsuTI\gcode\16 - Prudential\Fontes\Sistema Life Planner Agenda\SislpaTests\bin\Debug\AjaxControlToolkit.dll" />
    </Deployment>
    <Execution>
      <TestTypeSpecific />
      <AgentRule name="Execution Agents">
      </AgentRule>
    </Execution>
  </TestSettings>
  <Times creation="2014-09-12T19:40:55.2971354-03:00" queuing="2014-09-12T19:40:55.3121363-03:00" start="2014-09-12T19:40:55.3691396-03:00" finish="2014-09-12T19:40:56.4071989-03:00" />
  <ResultSummary outcome="Completed">
    <Counters total="5" executed="5" passed="5" error="0" failed="0" timeout="0" aborted="0" inconclusive="0" passedButRunAborted="0" notRunnable="0" notExecuted="0" disconnected="0" warning="0" completed="0" inProgress="0" pending="0" />
  </ResultSummary>
  <TestDefinitions>
    <UnitTest name="TestMethod1" storage="d:\consuti\gcode\16 - prudential\fontes\sistema life planner agenda\sislpatests\bin\debug\sislpatests.dll" id="2076fe01-a3fc-0730-4d84-35bffbbea226">
      <Execution id="13a769a8-e1f5-4495-847b-724b36eb50e8" />
      <TestMethod codeBase="D:/ConsuTI/gcode/16 - Prudential/Fontes/Sistema Life Planner Agenda/SislpaTests/bin/Debug/SislpaTests.DLL" adapterTypeName="Microsoft.VisualStudio.TestTools.TestTypes.Unit.UnitTestAdapter, Microsoft.VisualStudio.QualityTools.Tips.UnitTest.Adapter, Version=10.0.0.0, Culture=neutral, PublicKeyToken=b03f5f7f11d50a3a" className="SislpaTests.UnitTest1, SislpaTests, Version=1.0.0.0, Culture=neutral, PublicKeyToken=null" name="TestMethod1" />
    </UnitTest>
    <UnitTest name="UsuarioAdminTest" storage="d:\consuti\gcode\16 - prudential\fontes\sistema life planner agenda\sislpatests\bin\debug\sislpatests.dll" id="864970ca-9104-ed6c-609f-c1f1761c9715">
      <Execution id="246d0bf2-0693-4c78-8806-5c6a237009b1" />
      <TestMethod codeBase="D:/ConsuTI/gcode/16 - Prudential/Fontes/Sistema Life Planner Agenda/SislpaTests/bin/Debug/SislpaTests.DLL" adapterTypeName="Microsoft.VisualStudio.TestTools.TestTypes.Unit.UnitTestAdapter, Microsoft.VisualStudio.QualityTools.Tips.UnitTest.Adapter, Version=10.0.0.0, Culture=neutral, PublicKeyToken=b03f5f7f11d50a3a" className="SislpaTests.UsuarioBDTest, SislpaTests, Version=1.0.0.0, Culture=neutral, PublicKeyToken=null" name="UsuarioAdminTest" />
    </UnitTest>
    <UnitTest name="EmailAutorizadoTest" storage="d:\consuti\gcode\16 - prudential\fontes\sistema life planner agenda\sislpatests\bin\debug\sislpatests.dll" id="fa760c41-7120-11a6-d154-1b3750843e7c">
      <Execution id="7b639dc0-f070-4008-9d03-15b9aa6bae5f" />
      <TestMethod codeBase="D:/ConsuTI/gcode/16 - Prudential/Fontes/Sistema Life Planner Agenda/SislpaTests/bin/Debug/SislpaTests.DLL" adapterTypeName="Microsoft.VisualStudio.TestTools.TestTypes.Unit.UnitTestAdapter, Microsoft.VisualStudio.QualityTools.Tips.UnitTest.Adapter, Version=10.0.0.0, Culture=neutral, PublicKeyToken=b03f5f7f11d50a3a" className="SislpaTests.UsuarioBDTest, SislpaTests, Version=1.0.0.0, Culture=neutral, PublicKeyToken=null" name="EmailAutorizadoTest" />
    </UnitTest>
    <UnitTest name="IncluirTest" storage="d:\consuti\gcode\16 - prudential\fontes\sistema life planner agenda\sislpatests\bin\debug\sislpatests.dll" id="f4cef54b-64ff-64c8-3e8e-e03b64d61f4e">
      <Execution id="2d675c1c-45b7-4030-9dc1-0de9b462ec2b" />
      <TestMethod codeBase="D:/ConsuTI/gcode/16 - Prudential/Fontes/Sistema Life Planner Agenda/SislpaTests/bin/Debug/SislpaTests.DLL" adapterTypeName="Microsoft.VisualStudio.TestTools.TestTypes.Unit.UnitTestAdapter, Microsoft.VisualStudio.QualityTools.Tips.UnitTest.Adapter, Version=10.0.0.0, Culture=neutral, PublicKeyToken=b03f5f7f11d50a3a" className="SislpaTests.UsuarioBDTest, SislpaTests, Version=1.0.0.0, Culture=neutral, PublicKeyToken=null" name="IncluirTest" />
    </UnitTest>
    <UnitTest name="AutenticarTest" storage="d:\consuti\gcode\16 - prudential\fontes\sistema life planner agenda\sislpatests\bin\debug\sislpatests.dll" id="141a4742-a385-caa0-fdee-730c1ca0ce71">
      <Execution id="889cfc63-f3d5-46f8-87ea-d7cbf90d7545" />
      <TestMethod codeBase="D:/ConsuTI/gcode/16 - Prudential/Fontes/Sistema Life Planner Agenda/SislpaTests/bin/Debug/SislpaTests.DLL" adapterTypeName="Microsoft.VisualStudio.TestTools.TestTypes.Unit.UnitTestAdapter, Microsoft.VisualStudio.QualityTools.Tips.UnitTest.Adapter, Version=10.0.0.0, Culture=neutral, PublicKeyToken=b03f5f7f11d50a3a" className="SislpaTests.UsuarioBDTest, SislpaTests, Version=1.0.0.0, Culture=neutral, PublicKeyToken=null" name="AutenticarTest" />
    </UnitTest>
  </TestDefinitions>
  <TestLists>
    <TestList name="Results Not in a List" id="8c84fa94-04c1-424b-9868-57a2d4851a1d" />
    <TestList name="All Loaded Results" id="19431567-8539-422a-85d7-44ee4e166bda" />
  </TestLists>
  <TestEntries>
    <TestEntry testId="141a4742-a385-caa0-fdee-730c1ca0ce71" executionId="889cfc63-f3d5-46f8-87ea-d7cbf90d7545" testListId="8c84fa94-04c1-424b-9868-57a2d4851a1d" />
    <TestEntry testId="2076fe01-a3fc-0730-4d84-35bffbbea226" executionId="13a769a8-e1f5-4495-847b-724b36eb50e8" testListId="8c84fa94-04c1-424b-9868-57a2d4851a1d" />
    <TestEntry testId="864970ca-9104-ed6c-609f-c1f1761c9715" executionId="246d0bf2-0693-4c78-8806-5c6a237009b1" testListId="8c84fa94-04c1-424b-9868-57a2d4851a1d" />
    <TestEntry testId="f4cef54b-64ff-64c8-3e8e-e03b64d61f4e" executionId="2d675c1c-45b7-4030-9dc1-0de9b462ec2b" testListId="8c84fa94-04c1-424b-9868-57a2d4851a1d" />
    <TestEntry testId="fa760c41-7120-11a6-d154-1b3750843e7c" executionId="7b639dc0-f070-4008-9d03-15b9aa6bae5f" testListId="8c84fa94-04c1-424b-9868-57a2d4851a1d" />
  </TestEntries>
  <Results>
    <UnitTestResult executionId="889cfc63-f3d5-46f8-87ea-d7cbf90d7545" testId="141a4742-a385-caa0-fdee-730c1ca0ce71" testName="AutenticarTest" computerName="CRISTIANNOTE" duration="00:00:00.0987490" startTime="2014-09-12T19:40:55.3921409-03:00" endTime="2014-09-12T19:40:56.1311831-03:00" testType="13cdc9d9-ddb5-4fa4-a97d-d965ccfc6d4b" outcome="Passed" testListId="8c84fa94-04c1-424b-9868-57a2d4851a1d" relativeResultsDirectory="889cfc63-f3d5-46f8-87ea-d7cbf90d7545">
    </UnitTestResult>
    <UnitTestResult executionId="13a769a8-e1f5-4495-847b-724b36eb50e8" testId="2076fe01-a3fc-0730-4d84-35bffbbea226" testName="TestMethod1" computerName="CRISTIANNOTE" duration="00:00:00.0005050" startTime="2014-09-12T19:40:56.1371835-03:00" endTime="2014-09-12T19:40:56.1551845-03:00" testType="13cdc9d9-ddb5-4fa4-a97d-d965ccfc6d4b" outcome="Passed" testListId="8c84fa94-04c1-424b-9868-57a2d4851a1d" relativeResultsDirectory="13a769a8-e1f5-4495-847b-724b36eb50e8">
    </UnitTestResult>
    <UnitTestResult executionId="246d0bf2-0693-4c78-8806-5c6a237009b1" testId="864970ca-9104-ed6c-609f-c1f1761c9715" testName="UsuarioAdminTest" computerName="CRISTIANNOTE" duration="00:00:00.0167846" startTime="2014-09-12T19:40:56.1571846-03:00" endTime="2014-09-12T19:40:56.2021872-03:00" testType="13cdc9d9-ddb5-4fa4-a97d-d965ccfc6d4b" outcome="Passed" testListId="8c84fa94-04c1-424b-9868-57a2d4851a1d" relativeResultsDirectory="246d0bf2-0693-4c78-8806-5c6a237009b1">
    </UnitTestResult>
    <UnitTestResult executionId="2d675c1c-45b7-4030-9dc1-0de9b462ec2b" testId="f4cef54b-64ff-64c8-3e8e-e03b64d61f4e" testName="IncluirTest" computerName="CRISTIANNOTE" duration="00:00:00.0966776" startTime="2014-09-12T19:40:56.2051874-03:00" endTime="2014-09-12T19:40:56.3171938-03:00" testType="13cdc9d9-ddb5-4fa4-a97d-d965ccfc6d4b" outcome="Passed" testListId="8c84fa94-04c1-424b-9868-57a2d4851a1d" relativeResultsDirectory="2d675c1c-45b7-4030-9dc1-0de9b462ec2b">
    </UnitTestResult>
    <UnitTestResult executionId="7b639dc0-f070-4008-9d03-15b9aa6bae5f" testId="fa760c41-7120-11a6-d154-1b3750843e7c" testName="EmailAutorizadoTest" computerName="CRISTIANNOTE" duration="00:00:00.0221967" startTime="2014-09-12T19:40:56.3221941-03:00" endTime="2014-09-12T19:40:56.3701968-03:00" testType="13cdc9d9-ddb5-4fa4-a97d-d965ccfc6d4b" outcome="Passed" testListId="8c84fa94-04c1-424b-9868-57a2d4851a1d" relativeResultsDirectory="7b639dc0-f070-4008-9d03-15b9aa6bae5f">
    </UnitTestResult>
  </Results>
</TestRun>