<?xml version="1.0" encoding="UTF-8"?>
<TestRun id="ae3e67d1-9aa5-4b8b-a496-6a9612424fc9" name="Cristian Gomes@CRISTIANNOTE 2014-09-12 19:16:22" runUser="CristianNote\Cristian Gomes" xmlns="http://microsoft.com/schemas/VisualStudio/TeamTest/2010">
  <TestSettings name="Local" id="17f09b63-edf0-4d4e-84e1-147954c099a3">
    <Description>These are default test settings for a local test run.</Description>
    <Deployment enabled="false" runDeploymentRoot="Cristian Gomes_CRISTIANNOTE 2014-09-12 19_16_22">
      <DeploymentItem filename="D:\ConsuTI\gcode\16 - Prudential\Fontes\Sistema Life Planner Agenda\Sistema Life Planner Agenda\bin\Sistema Life Planner Agenda.dll" />
      <DeploymentItem filename="D:\ConsuTI\gcode\16 - Prudential\Fontes\Sistema Life Planner Agenda\SislpaTests\bin\Debug\AjaxControlToolkit.dll" />
    </Deployment>
    <Execution>
      <TestTypeSpecific />
      <AgentRule name="Execution Agents">
      </AgentRule>
    </Execution>
  </TestSettings>
  <Times creation="2014-09-12T19:16:22.7069081-03:00" queuing="2014-09-12T19:16:22.7459103-03:00" start="2014-09-12T19:16:22.7649114-03:00" finish="2014-09-12T19:16:23.7989706-03:00" />
  <ResultSummary outcome="Completed">
    <Counters total="3" executed="3" passed="3" error="0" failed="0" timeout="0" aborted="0" inconclusive="0" passedButRunAborted="0" notRunnable="0" notExecuted="0" disconnected="0" warning="0" completed="0" inProgress="0" pending="0" />
  </ResultSummary>
  <TestDefinitions>
    <UnitTest name="AutenticarTest" storage="d:\consuti\gcode\16 - prudential\fontes\sistema life planner agenda\sislpatests\bin\debug\sislpatests.dll" id="141a4742-a385-caa0-fdee-730c1ca0ce71">
      <Execution id="4d56f00d-b4c9-4a69-9a4c-5f14e40789db" />
      <TestMethod codeBase="D:/ConsuTI/gcode/16 - Prudential/Fontes/Sistema Life Planner Agenda/SislpaTests/bin/Debug/SislpaTests.DLL" adapterTypeName="Microsoft.VisualStudio.TestTools.TestTypes.Unit.UnitTestAdapter, Microsoft.VisualStudio.QualityTools.Tips.UnitTest.Adapter, Version=10.0.0.0, Culture=neutral, PublicKeyToken=b03f5f7f11d50a3a" className="SislpaTests.UsuarioBDTest, SislpaTests, Version=1.0.0.0, Culture=neutral, PublicKeyToken=null" name="AutenticarTest" />
    </UnitTest>
    <UnitTest name="UsuarioAdminTest" storage="d:\consuti\gcode\16 - prudential\fontes\sistema life planner agenda\sislpatests\bin\debug\sislpatests.dll" id="864970ca-9104-ed6c-609f-c1f1761c9715">
      <Execution id="8b451e76-c091-4bbf-a04d-5a45bd8f5134" />
      <TestMethod codeBase="D:/ConsuTI/gcode/16 - Prudential/Fontes/Sistema Life Planner Agenda/SislpaTests/bin/Debug/SislpaTests.DLL" adapterTypeName="Microsoft.VisualStudio.TestTools.TestTypes.Unit.UnitTestAdapter, Microsoft.VisualStudio.QualityTools.Tips.UnitTest.Adapter, Version=10.0.0.0, Culture=neutral, PublicKeyToken=b03f5f7f11d50a3a" className="SislpaTests.UsuarioBDTest, SislpaTests, Version=1.0.0.0, Culture=neutral, PublicKeyToken=null" name="UsuarioAdminTest" />
    </UnitTest>
    <UnitTest name="IncluirTest" storage="d:\consuti\gcode\16 - prudential\fontes\sistema life planner agenda\sislpatests\bin\debug\sislpatests.dll" id="f4cef54b-64ff-64c8-3e8e-e03b64d61f4e">
      <Execution id="459db440-5bc9-4a81-b8c5-4c22f4aff7ef" />
      <TestMethod codeBase="D:/ConsuTI/gcode/16 - Prudential/Fontes/Sistema Life Planner Agenda/SislpaTests/bin/Debug/SislpaTests.DLL" adapterTypeName="Microsoft.VisualStudio.TestTools.TestTypes.Unit.UnitTestAdapter, Microsoft.VisualStudio.QualityTools.Tips.UnitTest.Adapter, Version=10.0.0.0, Culture=neutral, PublicKeyToken=b03f5f7f11d50a3a" className="SislpaTests.UsuarioBDTest, SislpaTests, Version=1.0.0.0, Culture=neutral, PublicKeyToken=null" name="IncluirTest" />
    </UnitTest>
  </TestDefinitions>
  <TestLists>
    <TestList name="Results Not in a List" id="8c84fa94-04c1-424b-9868-57a2d4851a1d" />
    <TestList name="All Loaded Results" id="19431567-8539-422a-85d7-44ee4e166bda" />
  </TestLists>
  <TestEntries>
    <TestEntry testId="141a4742-a385-caa0-fdee-730c1ca0ce71" executionId="4d56f00d-b4c9-4a69-9a4c-5f14e40789db" testListId="8c84fa94-04c1-424b-9868-57a2d4851a1d" />
    <TestEntry testId="864970ca-9104-ed6c-609f-c1f1761c9715" executionId="8b451e76-c091-4bbf-a04d-5a45bd8f5134" testListId="8c84fa94-04c1-424b-9868-57a2d4851a1d" />
    <TestEntry testId="f4cef54b-64ff-64c8-3e8e-e03b64d61f4e" executionId="459db440-5bc9-4a81-b8c5-4c22f4aff7ef" testListId="8c84fa94-04c1-424b-9868-57a2d4851a1d" />
  </TestEntries>
  <Results>
    <UnitTestResult executionId="4d56f00d-b4c9-4a69-9a4c-5f14e40789db" testId="141a4742-a385-caa0-fdee-730c1ca0ce71" testName="AutenticarTest" computerName="CRISTIANNOTE" duration="00:00:00.0994762" startTime="2014-09-12T19:16:22.8269150-03:00" endTime="2014-09-12T19:16:23.6019593-03:00" testType="13cdc9d9-ddb5-4fa4-a97d-d965ccfc6d4b" outcome="Passed" testListId="8c84fa94-04c1-424b-9868-57a2d4851a1d" relativeResultsDirectory="4d56f00d-b4c9-4a69-9a4c-5f14e40789db">
    </UnitTestResult>
    <UnitTestResult executionId="8b451e76-c091-4bbf-a04d-5a45bd8f5134" testId="864970ca-9104-ed6c-609f-c1f1761c9715" testName="UsuarioAdminTest" computerName="CRISTIANNOTE" duration="00:00:00.0297770" startTime="2014-09-12T19:16:23.6089597-03:00" endTime="2014-09-12T19:16:23.6529622-03:00" testType="13cdc9d9-ddb5-4fa4-a97d-d965ccfc6d4b" outcome="Passed" testListId="8c84fa94-04c1-424b-9868-57a2d4851a1d" relativeResultsDirectory="8b451e76-c091-4bbf-a04d-5a45bd8f5134">
    </UnitTestResult>
    <UnitTestResult executionId="459db440-5bc9-4a81-b8c5-4c22f4aff7ef" testId="f4cef54b-64ff-64c8-3e8e-e03b64d61f4e" testName="IncluirTest" computerName="CRISTIANNOTE" duration="00:00:00.0914483" startTime="2014-09-12T19:16:23.6569624-03:00" endTime="2014-09-12T19:16:23.7619684-03:00" testType="13cdc9d9-ddb5-4fa4-a97d-d965ccfc6d4b" outcome="Passed" testListId="8c84fa94-04c1-424b-9868-57a2d4851a1d" relativeResultsDirectory="459db440-5bc9-4a81-b8c5-4c22f4aff7ef">
    </UnitTestResult>
  </Results>
</TestRun>